 dupLS @  =[=  dupLS @ >> swapLS @
 dupLS @  =[=  (dupLS @) ||| (rotLS @)
 dupLS @  =[=  (dupLS @) ||| (swapLS @)
 popLS @  =[=  popLS @ >> rotLS @
 popLS @  =[=  (rotLS @) ||| (popLS @)
 popLS @  =[=  (swapLS @) ||| (popLS @)
overLS @  =[=  (overLS @) ||| (rotLS @)
peekLS @  =[=  dupLS @ >> popLS @
peekLS @  =[=  swapLS @ >> swapLS @
peekLS @  =[=  (dupLS @) ||| (popLS @)
peekLS @  =[=  (swapLS @) ||| (swapLS @)
peekLS @  =[=  popLS @ >>= \m -> whenJust pushLS @ m

 dupCAS @  =[=  dupCAS @ >> swapCAS @
 dupCAS @  =[=  (dupCAS @) ||| (rotCAS @)
 dupCAS @  =[=  (dupCAS @) ||| (swapCAS @)
 popCAS @  =[=  popCAS @ >> rotCAS @
 popCAS @  =[=  (rotCAS @) ||| (popCAS @)
 popCAS @  =[=  (swapCAS @) ||| (popCAS @)
overCAS @  =[=  (overCAS @) ||| (rotCAS @)
peekCAS @  =[=  dupCAS @ >> popCAS @
peekCAS @  =[=  swapCAS @ >> swapCAS @
peekCAS @  =[=  (dupCAS @) ||| (popCAS @)
peekCAS @  =[=  (swapCAS @) ||| (swapCAS @)
peekCAS @  =[=  popCAS @ >>= \m -> whenJust pushCAS @ m

                             dupLS @  ===  dupCAS @
                             popLS @  ===  popCAS @
                             rotLS @  ===  rotCAS @
                            dupCAS @  =[=  (dupLS @) ||| (rotLS @)
                            dupCAS @  =[=  (dupLS @) ||| (swapLS @)
                            overLS @  ===  overCAS @
                            peekLS @  ===  peekCAS @
                            popCAS @  =[=  popLS @ >> rotLS @
                            popCAS @  =[=  (rotLS @) ||| (popLS @)
                            popCAS @  =[=  (swapLS @) ||| (popLS @)
                            swapLS @  ===  swapCAS @
                           overCAS @  =[=  (overLS @) ||| (rotLS @)
                           peekCAS @  =[=  swapLS @ >> swapLS @
                           peekCAS @  =[=  (dupLS @) ||| (popLS @)
                           peekCAS @  =[=  (swapLS @) ||| (swapLS @)
                           peekCAS @  =[=  popLS @ >>= \m -> whenJust pushLS @ m
                  dupLS @ >> dupLS @  ===  dupCAS @ >> dupCAS @
                  dupLS @ >> dupLS @  ===  (dupCAS @) ||| (dupCAS @)
                  dupLS @ >> dupLS @  =[=  (dupCAS @) ||| (overCAS @)
                  dupLS @ >> rotLS @  ===  dupCAS @ >> rotCAS @
                  popLS @ >> dupLS @  ===  popCAS @ >> dupCAS @
                  popLS @ >> popLS @  ===  popCAS @ >> popCAS @
                  popLS @ >> popLS @  ===  (popCAS @) ||| (popCAS @)
                  rotLS @ >> dupLS @  ===  rotCAS @ >> dupCAS @
                  rotLS @ >> popLS @  ===  rotCAS @ >> popCAS @
                  rotLS @ >> rotLS @  ===  rotCAS @ >> rotCAS @
                  rotLS @ >> rotLS @  ===  (rotCAS @) ||| (rotCAS @)
                 dupLS @ >> overLS @  ===  dupCAS @ >> overCAS @
                 dupLS @ >> overLS @  =[=  (dupCAS @) ||| (overCAS @)
                 overLS @ >> dupLS @  ===  overCAS @ >> dupCAS @
                 overLS @ >> dupLS @  =[=  (dupCAS @) ||| (overCAS @)
                 overLS @ >> popLS @  ===  overCAS @ >> popCAS @
                 overLS @ >> popLS @  =[=  (overCAS @) ||| (popCAS @)
                 overLS @ >> rotLS @  ===  overCAS @ >> rotCAS @
                 popLS @ >> overLS @  ===  popCAS @ >> overCAS @
                 popLS @ >> overLS @  =[=  (overCAS @) ||| (popCAS @)
                 popLS @ >> swapLS @  ===  popCAS @ >> swapCAS @
                 rotLS @ >> overLS @  ===  rotCAS @ >> overCAS @
                 rotLS @ >> swapLS @  ===  rotCAS @ >> swapCAS @
                 rotLS @ >> swapLS @  =[=  (rotCAS @) ||| (swapCAS @)
                 swapLS @ >> dupLS @  ===  swapCAS @ >> dupCAS @
                 swapLS @ >> popLS @  ===  swapCAS @ >> popCAS @
                 swapLS @ >> rotLS @  ===  swapCAS @ >> rotCAS @
                 swapLS @ >> rotLS @  =[=  (rotCAS @) ||| (swapCAS @)
                 whenJust pushLS @ m  ===  whenJust pushCAS @ m
                dupCAS @ >> dupCAS @  =[=  (dupLS @) ||| (overLS @)
                dupCAS @ >> rotCAS @  =[=  (dupLS @) ||| (rotLS @)
                overLS @ >> overLS @  ===  overCAS @ >> overCAS @
                overLS @ >> overLS @  ===  (overCAS @) ||| (overCAS @)
                overLS @ >> swapLS @  ===  overCAS @ >> swapCAS @
                overLS @ >> swapLS @  =[=  (overCAS @) ||| (swapCAS @)
                popCAS @ >> dupCAS @  =[=  (dupLS @) ||| (popLS @)
                rotCAS @ >> dupCAS @  =[=  (dupLS @) ||| (rotLS @)
                rotCAS @ >> popCAS @  =[=  (rotLS @) ||| (popLS @)
                swapLS @ >> overLS @  ===  swapCAS @ >> overCAS @
                swapLS @ >> overLS @  =[=  (overCAS @) ||| (swapCAS @)
               dupCAS @ >> overCAS @  =[=  (dupLS @) ||| (overLS @)
               overCAS @ >> dupCAS @  =[=  (dupLS @) ||| (overLS @)
               overCAS @ >> popCAS @  =[=  (dupLS @) ||| (popLS @)
               overCAS @ >> popCAS @  =[=  (overLS @) ||| (popLS @)
               overCAS @ >> rotCAS @  =[=  (overLS @) ||| (rotLS @)
               popCAS @ >> overCAS @  =[=  (overLS @) ||| (popLS @)
               popCAS @ >> swapCAS @  =[=  (swapLS @) ||| (popLS @)
               rotCAS @ >> overCAS @  =[=  (overLS @) ||| (rotLS @)
               rotCAS @ >> swapCAS @  =[=  (rotLS @) ||| (swapLS @)
               swapCAS @ >> dupCAS @  =[=  (dupLS @) ||| (swapLS @)
               swapCAS @ >> popCAS @  =[=  (swapLS @) ||| (popLS @)
               swapCAS @ >> rotCAS @  =[=  (rotLS @) ||| (swapLS @)
              overCAS @ >> swapCAS @  =[=  (overLS @) ||| (swapLS @)
              swapCAS @ >> overCAS @  =[=  (overLS @) ||| (swapLS @)
             (dupLS @) ||| (dupLS @)  ===  dupCAS @ >> dupCAS @
             (dupLS @) ||| (dupLS @)  ===  (dupCAS @) ||| (dupCAS @)
             (dupLS @) ||| (dupLS @)  =[=  (dupCAS @) ||| (overCAS @)
             (popLS @) ||| (popLS @)  ===  popCAS @ >> popCAS @
             (popLS @) ||| (popLS @)  ===  (popCAS @) ||| (popCAS @)
             (rotLS @) ||| (rotLS @)  ===  rotCAS @ >> rotCAS @
             (rotLS @) ||| (rotLS @)  ===  (rotCAS @) ||| (rotCAS @)
            (dupLS @) ||| (overLS @)  ===  (dupCAS @) ||| (overCAS @)
            (overLS @) ||| (popLS @)  ===  (overCAS @) ||| (popCAS @)
            (rotLS @) ||| (swapLS @)  ===  (rotCAS @) ||| (swapCAS @)
           (dupCAS @) ||| (dupCAS @)  =[=  (dupLS @) ||| (overLS @)
           (overLS @) ||| (overLS @)  ===  overCAS @ >> overCAS @
           (overLS @) ||| (overLS @)  ===  (overCAS @) ||| (overCAS @)
           (overLS @) ||| (swapLS @)  ===  (overCAS @) ||| (swapCAS @)
      dupLS @ >> whenJust pushLS @ m  ===  dupCAS @ >> whenJust pushCAS @ m
      dupLS @ >> whenJust pushLS @ m  =[=  (dupCAS @) ||| (whenJust pushCAS @ m)
      popLS @ >> whenJust pushLS @ m  ===  popCAS @ >> whenJust pushCAS @ m
      popLS @ >> whenJust pushLS @ m  =[=  (popCAS @) ||| (whenJust pushCAS @ m)
      rotLS @ >> whenJust pushLS @ m  ===  rotCAS @ >> whenJust pushCAS @ m
      rotLS @ >> whenJust pushLS @ m  =[=  (rotCAS @) ||| (whenJust pushCAS @ m)
      whenJust pushLS @ m >> dupLS @  ===  whenJust pushCAS @ m >> dupCAS @
      whenJust pushLS @ m >> dupLS @  =[=  (dupCAS @) ||| (whenJust pushCAS @ m)
      whenJust pushLS @ m >> popLS @  ===  whenJust pushCAS @ m >> popCAS @
      whenJust pushLS @ m >> popLS @  =[=  (popCAS @) ||| (whenJust pushCAS @ m)
      whenJust pushLS @ m >> rotLS @  ===  whenJust pushCAS @ m >> rotCAS @
      whenJust pushLS @ m >> rotLS @  =[=  (rotCAS @) ||| (whenJust pushCAS @ m)
     overLS @ >> whenJust pushLS @ m  ===  overCAS @ >> whenJust pushCAS @ m
     overLS @ >> whenJust pushLS @ m  =[=  (overCAS @) ||| (whenJust pushCAS @ m)
     swapLS @ >> whenJust pushLS @ m  ===  swapCAS @ >> whenJust pushCAS @ m
     swapLS @ >> whenJust pushLS @ m  =[=  (swapCAS @) ||| (whenJust pushCAS @ m)
     whenJust pushLS @ m >> overLS @  ===  whenJust pushCAS @ m >> overCAS @
     whenJust pushLS @ m >> overLS @  =[=  (overCAS @) ||| (whenJust pushCAS @ m)
     whenJust pushLS @ m >> swapLS @  ===  whenJust pushCAS @ m >> swapCAS @
     whenJust pushLS @ m >> swapLS @  =[=  (swapCAS @) ||| (whenJust pushCAS @ m)
    dupCAS @ >> whenJust pushCAS @ m  =[=  (dupLS @) ||| (whenJust pushLS @ m)
    popCAS @ >> whenJust pushCAS @ m  =[=  (popLS @) ||| (whenJust pushLS @ m)
    rotCAS @ >> whenJust pushCAS @ m  =[=  (rotLS @) ||| (whenJust pushLS @ m)
    whenJust pushCAS @ m >> dupCAS @  =[=  (dupLS @) ||| (whenJust pushLS @ m)
    whenJust pushCAS @ m >> popCAS @  =[=  (popLS @) ||| (whenJust pushLS @ m)
    whenJust pushCAS @ m >> rotCAS @  =[=  (rotLS @) ||| (whenJust pushLS @ m)
   overCAS @ >> whenJust pushCAS @ m  =[=  (overLS @) ||| (whenJust pushLS @ m)
   swapCAS @ >> whenJust pushCAS @ m  =[=  (swapLS @) ||| (whenJust pushLS @ m)
   whenJust pushCAS @ m >> overCAS @  =[=  (overLS @) ||| (whenJust pushLS @ m)
   whenJust pushCAS @ m >> swapCAS @  =[=  (swapLS @) ||| (whenJust pushLS @ m)
 (dupLS @) ||| (whenJust pushLS @ m)  ===  (dupCAS @) ||| (whenJust pushCAS @ m)
 (popLS @) ||| (whenJust pushLS @ m)  ===  (popCAS @) ||| (whenJust pushCAS @ m)
 (rotLS @) ||| (whenJust pushLS @ m)  ===  (rotCAS @) ||| (whenJust pushCAS @ m)
(overLS @) ||| (whenJust pushLS @ m)  ===  (overCAS @) ||| (whenJust pushCAS @ m)
(swapLS @) ||| (whenJust pushLS @ m)  ===  (swapCAS @) ||| (whenJust pushCAS @ m)
